2022-03-20 10:05:32 | [INFO]    | Discordia 2.8.4
2022-03-20 10:05:32 | [INFO]    | Connecting to Discord...
2022-03-20 10:05:32 | [INFO]    | Authenticated as DevBot#4707
2022-03-20 10:05:32 | [INFO]    | Launching shard 0 (1 out of 1)...
2022-03-20 10:05:33 | [INFO]    | Shard 0 : Connected to wss://gateway.discord.gg
2022-03-20 10:05:33 | [INFO]    | Shard 0 : Received HELLO
2022-03-20 10:05:33 | [INFO]    | Shard 0 : Received READY
2022-03-20 10:07:48 | [INFO]    | Discordia 2.8.4
2022-03-20 10:07:48 | [INFO]    | Connecting to Discord...
2022-03-20 10:07:48 | [INFO]    | Authenticated as DevBot#4707
2022-03-20 10:07:48 | [INFO]    | Launching shard 0 (1 out of 1)...
2022-03-20 10:07:48 | [INFO]    | Shard 0 : Connected to wss://gateway.discord.gg
2022-03-20 10:07:48 | [INFO]    | Shard 0 : Received HELLO
2022-03-20 10:07:48 | [INFO]    | Shard 0 : Received READY
2022-03-20 10:08:36 | [INFO]    | Discordia 2.8.4
2022-03-20 10:08:36 | [INFO]    | Connecting to Discord...
2022-03-20 10:08:36 | [INFO]    | Authenticated as DevBot#4707
2022-03-20 10:08:36 | [INFO]    | Launching shard 0 (1 out of 1)...
2022-03-20 10:08:36 | [INFO]    | Shard 0 : Connected to wss://gateway.discord.gg
2022-03-20 10:08:36 | [INFO]    | Shard 0 : Received HELLO
2022-03-20 10:08:37 | [INFO]    | Shard 0 : Received READY
2022-03-20 10:10:53 | [INFO]    | Discordia 2.8.4
2022-03-20 10:10:53 | [INFO]    | Connecting to Discord...
2022-03-20 10:10:54 | [INFO]    | Authenticated as DevBot#4707
2022-03-20 10:10:54 | [INFO]    | Launching shard 0 (1 out of 1)...
2022-03-20 10:10:54 | [INFO]    | Shard 0 : Connected to wss://gateway.discord.gg
2022-03-20 10:10:54 | [INFO]    | Shard 0 : Received HELLO
2022-03-20 10:10:54 | [INFO]    | Shard 0 : Received READY
2022-03-20 10:11:33 | [INFO]    | Discordia 2.8.4
2022-03-20 10:11:33 | [INFO]    | Connecting to Discord...
2022-03-20 10:11:33 | [INFO]    | Authenticated as DevBot#4707
2022-03-20 10:11:33 | [INFO]    | Launching shard 0 (1 out of 1)...
2022-03-20 10:11:33 | [INFO]    | Shard 0 : Connected to wss://gateway.discord.gg
2022-03-20 10:11:33 | [INFO]    | Shard 0 : Received HELLO
2022-03-20 10:11:33 | [INFO]    | Shard 0 : Received READY
2022-03-20 10:13:54 | [INFO]    | Discordia 2.8.4
2022-03-20 10:13:54 | [INFO]    | Connecting to Discord...
2022-03-20 10:13:55 | [INFO]    | Authenticated as DevBot#4707
2022-03-20 10:13:55 | [INFO]    | Launching shard 0 (1 out of 1)...
2022-03-20 10:13:55 | [INFO]    | Shard 0 : Connected to wss://gateway.discord.gg
2022-03-20 10:13:55 | [INFO]    | Shard 0 : Received HELLO
2022-03-20 10:13:55 | [INFO]    | Shard 0 : Received READY
2022-03-20 10:17:35 | [INFO]    | Discordia 2.8.4
2022-03-20 10:17:35 | [INFO]    | Connecting to Discord...
2022-03-20 10:17:35 | [INFO]    | Authenticated as DevBot#4707
2022-03-20 10:17:35 | [INFO]    | Launching shard 0 (1 out of 1)...
2022-03-20 10:17:35 | [INFO]    | Shard 0 : Connected to wss://gateway.discord.gg
2022-03-20 10:17:35 | [INFO]    | Shard 0 : Received HELLO
2022-03-20 10:17:35 | [INFO]    | Shard 0 : Received READY
2022-03-20 10:18:11 | [INFO]    | Discordia 2.8.4
2022-03-20 10:18:11 | [INFO]    | Connecting to Discord...
2022-03-20 10:18:11 | [INFO]    | Authenticated as DevBot#4707
2022-03-20 10:18:11 | [INFO]    | Launching shard 0 (1 out of 1)...
2022-03-20 10:18:11 | [INFO]    | Shard 0 : Connected to wss://gateway.discord.gg
2022-03-20 10:18:11 | [INFO]    | Shard 0 : Received HELLO
2022-03-20 10:18:11 | [INFO]    | Shard 0 : Received READY
2022-03-20 10:18:38 | [INFO]    | Discordia 2.8.4
2022-03-20 10:18:38 | [INFO]    | Connecting to Discord...
2022-03-20 10:18:39 | [INFO]    | Authenticated as DevBot#4707
2022-03-20 10:18:39 | [INFO]    | Launching shard 0 (1 out of 1)...
2022-03-20 10:18:39 | [INFO]    | Shard 0 : Connected to wss://gateway.discord.gg
2022-03-20 10:18:39 | [INFO]    | Shard 0 : Received HELLO
2022-03-20 10:18:39 | [INFO]    | Shard 0 : Received READY
2022-03-20 10:20:04 | [INFO]    | Discordia 2.8.4
2022-03-20 10:20:04 | [INFO]    | Connecting to Discord...
2022-03-20 10:20:04 | [INFO]    | Authenticated as DevBot#4707
2022-03-20 10:20:04 | [INFO]    | Launching shard 0 (1 out of 1)...
2022-03-20 10:20:04 | [INFO]    | Shard 0 : Connected to wss://gateway.discord.gg
2022-03-20 10:20:04 | [INFO]    | Shard 0 : Received HELLO
2022-03-20 10:20:04 | [INFO]    | Shard 0 : Received READY
2022-03-20 10:22:02 | [INFO]    | Discordia 2.8.4
2022-03-20 10:22:02 | [INFO]    | Connecting to Discord...
2022-03-20 10:22:02 | [INFO]    | Authenticated as DevBot#4707
2022-03-20 10:22:02 | [INFO]    | Launching shard 0 (1 out of 1)...
2022-03-20 10:22:02 | [INFO]    | Shard 0 : Connected to wss://gateway.discord.gg
2022-03-20 10:22:02 | [INFO]    | Shard 0 : Received HELLO
2022-03-20 10:22:03 | [INFO]    | Shard 0 : Received READY
2022-03-20 10:23:40 | [INFO]    | Discordia 2.8.4
2022-03-20 10:23:40 | [INFO]    | Connecting to Discord...
2022-03-20 10:23:40 | [INFO]    | Authenticated as DevBot#4707
2022-03-20 10:23:40 | [INFO]    | Launching shard 0 (1 out of 1)...
2022-03-20 10:23:40 | [INFO]    | Shard 0 : Connected to wss://gateway.discord.gg
2022-03-20 10:23:40 | [INFO]    | Shard 0 : Received HELLO
2022-03-20 10:23:41 | [INFO]    | Shard 0 : Received READY
2022-03-20 10:25:53 | [INFO]    | Discordia 2.8.4
2022-03-20 10:25:53 | [INFO]    | Connecting to Discord...
2022-03-20 10:25:53 | [INFO]    | Authenticated as DevBot#4707
2022-03-20 10:25:53 | [INFO]    | Launching shard 0 (1 out of 1)...
2022-03-20 10:25:53 | [INFO]    | Shard 0 : Connected to wss://gateway.discord.gg
2022-03-20 10:25:53 | [INFO]    | Shard 0 : Received HELLO
2022-03-20 10:25:53 | [INFO]    | Shard 0 : Received READY
2022-03-20 10:26:12 | [INFO]    | Discordia 2.8.4
2022-03-20 10:26:12 | [INFO]    | Connecting to Discord...
2022-03-20 10:26:13 | [INFO]    | Authenticated as DevBot#4707
2022-03-20 10:26:13 | [INFO]    | Launching shard 0 (1 out of 1)...
2022-03-20 10:26:13 | [INFO]    | Shard 0 : Connected to wss://gateway.discord.gg
2022-03-20 10:26:13 | [INFO]    | Shard 0 : Received HELLO
2022-03-20 10:26:13 | [INFO]    | Shard 0 : Received READY
2022-03-20 10:32:01 | [INFO]    | Discordia 2.8.4
2022-03-20 10:32:01 | [INFO]    | Connecting to Discord...
2022-03-20 10:32:01 | [INFO]    | Authenticated as DevBot#4707
2022-03-20 10:32:01 | [INFO]    | Launching shard 0 (1 out of 1)...
2022-03-20 10:32:01 | [INFO]    | Shard 0 : Connected to wss://gateway.discord.gg
2022-03-20 10:32:01 | [INFO]    | Shard 0 : Received HELLO
2022-03-20 10:32:02 | [INFO]    | Shard 0 : Received READY
2022-03-20 10:33:50 | [INFO]    | Discordia 2.8.4
2022-03-20 10:33:50 | [INFO]    | Connecting to Discord...
2022-03-20 10:33:50 | [INFO]    | Authenticated as DevBot#4707
2022-03-20 10:33:50 | [INFO]    | Launching shard 0 (1 out of 1)...
2022-03-20 10:33:51 | [INFO]    | Shard 0 : Connected to wss://gateway.discord.gg
2022-03-20 10:33:51 | [INFO]    | Shard 0 : Received HELLO
2022-03-20 10:33:51 | [INFO]    | Shard 0 : Received READY
2022-03-20 10:34:27 | [INFO]    | Discordia 2.8.4
2022-03-20 10:34:27 | [INFO]    | Connecting to Discord...
2022-03-20 10:34:27 | [INFO]    | Authenticated as DevBot#4707
2022-03-20 10:34:27 | [INFO]    | Launching shard 0 (1 out of 1)...
2022-03-20 10:34:27 | [INFO]    | Shard 0 : Connected to wss://gateway.discord.gg
2022-03-20 10:34:27 | [INFO]    | Shard 0 : Received HELLO
2022-03-20 10:34:27 | [INFO]    | Shard 0 : Received READY
2022-03-20 10:36:40 | [INFO]    | Discordia 2.8.4
2022-03-20 10:36:40 | [INFO]    | Connecting to Discord...
2022-03-20 10:36:41 | [INFO]    | Authenticated as DevBot#4707
2022-03-20 10:36:41 | [INFO]    | Launching shard 0 (1 out of 1)...
2022-03-20 10:36:41 | [INFO]    | Shard 0 : Connected to wss://gateway.discord.gg
2022-03-20 10:36:41 | [INFO]    | Shard 0 : Received HELLO
2022-03-20 10:36:41 | [INFO]    | Shard 0 : Received READY
2022-03-20 10:37:09 | [INFO]    | Discordia 2.8.4
2022-03-20 10:37:09 | [INFO]    | Connecting to Discord...
2022-03-20 10:37:09 | [INFO]    | Authenticated as DevBot#4707
2022-03-20 10:37:09 | [INFO]    | Launching shard 0 (1 out of 1)...
2022-03-20 10:37:09 | [INFO]    | Shard 0 : Connected to wss://gateway.discord.gg
2022-03-20 10:37:09 | [INFO]    | Shard 0 : Received HELLO
2022-03-20 10:37:09 | [INFO]    | Shard 0 : Received READY
2022-03-20 10:38:11 | [INFO]    | Discordia 2.8.4
2022-03-20 10:38:11 | [INFO]    | Connecting to Discord...
2022-03-20 10:38:11 | [INFO]    | Authenticated as DevBot#4707
2022-03-20 10:38:11 | [INFO]    | Launching shard 0 (1 out of 1)...
2022-03-20 10:38:11 | [INFO]    | Shard 0 : Connected to wss://gateway.discord.gg
2022-03-20 10:38:11 | [INFO]    | Shard 0 : Received HELLO
2022-03-20 10:38:11 | [INFO]    | Shard 0 : Received READY
2022-03-20 10:39:34 | [INFO]    | Discordia 2.8.4
2022-03-20 10:39:34 | [INFO]    | Connecting to Discord...
2022-03-20 10:39:34 | [INFO]    | Authenticated as DevBot#4707
2022-03-20 10:39:34 | [INFO]    | Launching shard 0 (1 out of 1)...
2022-03-20 10:39:35 | [INFO]    | Shard 0 : Connected to wss://gateway.discord.gg
2022-03-20 10:39:35 | [INFO]    | Shard 0 : Received HELLO
2022-03-20 10:39:36 | [INFO]    | Shard 0 : Received READY
2022-03-20 10:39:54 | [INFO]    | Discordia 2.8.4
2022-03-20 10:39:54 | [INFO]    | Connecting to Discord...
2022-03-20 10:39:54 | [INFO]    | Authenticated as DevBot#4707
2022-03-20 10:39:54 | [INFO]    | Launching shard 0 (1 out of 1)...
2022-03-20 10:39:54 | [INFO]    | Shard 0 : Connected to wss://gateway.discord.gg
2022-03-20 10:39:54 | [INFO]    | Shard 0 : Received HELLO
2022-03-20 10:39:55 | [INFO]    | Shard 0 : Received READY
2022-03-20 10:40:29 | [INFO]    | Discordia 2.8.4
2022-03-20 10:40:29 | [INFO]    | Connecting to Discord...
2022-03-20 10:40:29 | [INFO]    | Authenticated as DevBot#4707
2022-03-20 10:40:29 | [INFO]    | Launching shard 0 (1 out of 1)...
2022-03-20 10:40:29 | [INFO]    | Shard 0 : Connected to wss://gateway.discord.gg
2022-03-20 10:40:29 | [INFO]    | Shard 0 : Received HELLO
2022-03-20 10:40:29 | [INFO]    | Shard 0 : Received READY
2022-03-20 10:40:57 | [INFO]    | Discordia 2.8.4
2022-03-20 10:40:57 | [INFO]    | Connecting to Discord...
2022-03-20 10:40:57 | [INFO]    | Authenticated as DevBot#4707
2022-03-20 10:40:57 | [INFO]    | Launching shard 0 (1 out of 1)...
2022-03-20 10:40:58 | [INFO]    | Shard 0 : Connected to wss://gateway.discord.gg
2022-03-20 10:40:58 | [INFO]    | Shard 0 : Received HELLO
2022-03-20 10:40:58 | [INFO]    | Shard 0 : Received READY
2022-03-20 10:46:25 | [INFO]    | Discordia 2.8.4
2022-03-20 10:46:25 | [INFO]    | Connecting to Discord...
2022-03-20 10:46:25 | [INFO]    | Authenticated as DevBot#4707
2022-03-20 10:46:25 | [INFO]    | Launching shard 0 (1 out of 1)...
2022-03-20 10:46:25 | [INFO]    | Shard 0 : Connected to wss://gateway.discord.gg
2022-03-20 10:46:25 | [INFO]    | Shard 0 : Received HELLO
2022-03-20 10:46:25 | [INFO]    | Shard 0 : Received READY
2022-03-20 10:47:24 | [INFO]    | Discordia 2.8.4
2022-03-20 10:47:24 | [INFO]    | Connecting to Discord...
2022-03-20 10:47:24 | [INFO]    | Authenticated as DevBot#4707
2022-03-20 10:47:24 | [INFO]    | Launching shard 0 (1 out of 1)...
2022-03-20 10:47:24 | [INFO]    | Shard 0 : Connected to wss://gateway.discord.gg
2022-03-20 10:47:24 | [INFO]    | Shard 0 : Received HELLO
2022-03-20 10:47:24 | [INFO]    | Shard 0 : Received READY
2022-03-20 10:47:38 | [INFO]    | Discordia 2.8.4
2022-03-20 10:47:38 | [INFO]    | Connecting to Discord...
2022-03-20 10:47:38 | [INFO]    | Authenticated as DevBot#4707
2022-03-20 10:47:38 | [INFO]    | Launching shard 0 (1 out of 1)...
2022-03-20 10:47:38 | [INFO]    | Shard 0 : Connected to wss://gateway.discord.gg
2022-03-20 10:47:38 | [INFO]    | Shard 0 : Received HELLO
2022-03-20 10:47:38 | [INFO]    | Shard 0 : Received READY
2022-03-20 10:48:43 | [INFO]    | Discordia 2.8.4
2022-03-20 10:48:43 | [INFO]    | Connecting to Discord...
2022-03-20 10:48:43 | [INFO]    | Authenticated as DevBot#4707
2022-03-20 10:48:43 | [INFO]    | Launching shard 0 (1 out of 1)...
2022-03-20 10:48:43 | [INFO]    | Shard 0 : Connected to wss://gateway.discord.gg
2022-03-20 10:48:43 | [INFO]    | Shard 0 : Received HELLO
2022-03-20 10:48:43 | [INFO]    | Shard 0 : Received READY
2022-03-20 10:49:25 | [INFO]    | Discordia 2.8.4
2022-03-20 10:49:25 | [INFO]    | Connecting to Discord...
2022-03-20 10:49:25 | [INFO]    | Authenticated as DevBot#4707
2022-03-20 10:49:25 | [INFO]    | Launching shard 0 (1 out of 1)...
2022-03-20 10:49:25 | [INFO]    | Shard 0 : Connected to wss://gateway.discord.gg
2022-03-20 10:49:25 | [INFO]    | Shard 0 : Received HELLO
2022-03-20 10:49:26 | [INFO]    | Shard 0 : Received READY
2022-03-20 10:51:18 | [INFO]    | Discordia 2.8.4
2022-03-20 10:51:18 | [INFO]    | Connecting to Discord...
2022-03-20 10:51:19 | [INFO]    | Authenticated as DevBot#4707
2022-03-20 10:51:19 | [INFO]    | Launching shard 0 (1 out of 1)...
2022-03-20 10:51:19 | [INFO]    | Shard 0 : Connected to wss://gateway.discord.gg
2022-03-20 10:51:19 | [INFO]    | Shard 0 : Received HELLO
2022-03-20 10:51:19 | [INFO]    | Shard 0 : Received READY
2022-03-20 10:52:24 | [INFO]    | Discordia 2.8.4
2022-03-20 10:52:24 | [INFO]    | Connecting to Discord...
2022-03-20 10:52:24 | [INFO]    | Authenticated as DevBot#4707
2022-03-20 10:52:24 | [INFO]    | Launching shard 0 (1 out of 1)...
2022-03-20 10:52:24 | [INFO]    | Shard 0 : Connected to wss://gateway.discord.gg
2022-03-20 10:52:24 | [INFO]    | Shard 0 : Received HELLO
2022-03-20 10:52:25 | [INFO]    | Shard 0 : Received READY
2022-03-20 10:54:32 | [INFO]    | Discordia 2.8.4
2022-03-20 10:54:32 | [INFO]    | Connecting to Discord...
2022-03-20 10:54:32 | [INFO]    | Authenticated as DevBot#4707
2022-03-20 10:54:32 | [INFO]    | Launching shard 0 (1 out of 1)...
2022-03-20 10:54:32 | [INFO]    | Shard 0 : Connected to wss://gateway.discord.gg
2022-03-20 10:54:32 | [INFO]    | Shard 0 : Received HELLO
2022-03-20 10:54:32 | [INFO]    | Shard 0 : Received READY
2022-03-20 10:54:36 | [ERROR]   | 400 - Bad Request : POST https://discord.com/api/v7/channels/941294968247574538/messages
2022-03-20 10:54:49 | [ERROR]   | 400 - Bad Request : POST https://discord.com/api/v7/channels/941294968247574538/messages
2022-03-20 10:55:07 | [INFO]    | Discordia 2.8.4
2022-03-20 10:55:07 | [INFO]    | Connecting to Discord...
2022-03-20 10:55:07 | [INFO]    | Authenticated as DevBot#4707
2022-03-20 10:55:07 | [INFO]    | Launching shard 0 (1 out of 1)...
2022-03-20 10:55:07 | [INFO]    | Shard 0 : Connected to wss://gateway.discord.gg
2022-03-20 10:55:07 | [INFO]    | Shard 0 : Received HELLO
2022-03-20 10:55:08 | [INFO]    | Shard 0 : Received READY
2022-03-20 10:56:21 | [INFO]    | Discordia 2.8.4
2022-03-20 10:56:21 | [INFO]    | Connecting to Discord...
2022-03-20 10:56:21 | [INFO]    | Authenticated as DevBot#4707
2022-03-20 10:56:21 | [INFO]    | Launching shard 0 (1 out of 1)...
2022-03-20 10:56:21 | [INFO]    | Shard 0 : Connected to wss://gateway.discord.gg
2022-03-20 10:56:21 | [INFO]    | Shard 0 : Received HELLO
2022-03-20 10:56:22 | [INFO]    | Shard 0 : Received READY
2022-03-20 10:58:22 | [INFO]    | Discordia 2.8.4
2022-03-20 10:58:22 | [INFO]    | Connecting to Discord...
2022-03-20 10:58:22 | [INFO]    | Authenticated as DevBot#4707
2022-03-20 10:58:22 | [INFO]    | Launching shard 0 (1 out of 1)...
2022-03-20 10:58:22 | [INFO]    | Shard 0 : Connected to wss://gateway.discord.gg
2022-03-20 10:58:22 | [INFO]    | Shard 0 : Received HELLO
2022-03-20 10:58:23 | [INFO]    | Shard 0 : Received READY
2022-03-20 11:00:22 | [INFO]    | Discordia 2.8.4
2022-03-20 11:00:22 | [INFO]    | Connecting to Discord...
2022-03-20 11:00:22 | [INFO]    | Authenticated as DevBot#4707
2022-03-20 11:00:22 | [INFO]    | Launching shard 0 (1 out of 1)...
2022-03-20 11:00:22 | [INFO]    | Shard 0 : Connected to wss://gateway.discord.gg
2022-03-20 11:00:22 | [INFO]    | Shard 0 : Received HELLO
2022-03-20 11:00:22 | [INFO]    | Shard 0 : Received READY
2022-03-20 11:14:48 | [INFO]    | Discordia 2.8.4
2022-03-20 11:14:48 | [INFO]    | Connecting to Discord...
2022-03-20 11:14:48 | [INFO]    | Authenticated as DevBot_Lua#4707
2022-03-20 11:14:49 | [INFO]    | Launching shard 0 (1 out of 1)...
2022-03-20 11:14:49 | [INFO]    | Shard 0 : Connected to wss://gateway.discord.gg
2022-03-20 11:14:49 | [INFO]    | Shard 0 : Received HELLO
2022-03-20 11:14:49 | [INFO]    | Shard 0 : Received READY
